<?xml version="1.0" encoding="UTF-8"?>
<!-- Generated by org.testng.reporters.JUnitXMLReporter -->
<testsuite ignored="0" hostname="DESKTOP-T6KLQOF" failures="0" tests="5" name="Test" time="67.368" errors="0" timestamp="2024-04-04T08:51:03 IST">
  <testcase classname="mar12.Login" name="loginTest" time="23.149"/>
  <testcase classname="mar13.ValidateUrl" name="validateUrl" time="9.995"/>
  <testcase classname="mar13.ValidationMethods" name="StartTest" time="11.959"/>
  <testcase classname="mar13.GetCommands" name="startTest" time="11.128"/>
  <testcase classname="mar13.Verify_Title" name="CheckTitle" time="11.018"/>
</testsuite> <!-- Test -->
