<?xml version="1.0" encoding="UTF-8"?>
<testng-results ignored="0" total="5" passed="5" failed="0" skipped="0">
  <reporter-output>
    <line>
      <![CDATA[Url is Local::https://        http://primusbank.qedgetech.com/]]>
    </line>
    <line>
      <![CDATA[Amazon.com. Spend less. Smile more.]]>
    </line>
    <line>
      <![CDATA[page length::35]]>
    </line>
    <line>
      <![CDATA[https://www.amazon.com/]]>
    </line>
    <line>
      <![CDATA[Domain name::23]]>
    </line>
    <line>
      <![CDATA[Gmail]]>
    </line>
    <line>
      <![CDATA[https://mail.google.com/mail/&ogbl]]>
    </line>
    <line>
      <![CDATA[Title is Matching::google        Google]]>
    </line>
  </reporter-output>
  <suite started-at="2024-04-04T08:49:56 IST" name="Suite" finished-at="2024-04-04T08:51:03 IST" duration-ms="67368">
    <groups>
    </groups>
    <test started-at="2024-04-04T08:49:56 IST" name="Test" finished-at="2024-04-04T08:51:03 IST" duration-ms="67368">
      <class name="mar13.GetCommands">
        <test-method signature="startTest()[pri:0, instance:mar13.GetCommands@37654521]" started-at="2024-04-04T08:50:41 IST" name="startTest" finished-at="2024-04-04T08:50:52 IST" duration-ms="11128" status="PASS">
          <reporter-output>
            <line>
              <![CDATA[Gmail]]>
            </line>
            <line>
              <![CDATA[https://mail.google.com/mail/&ogbl]]>
            </line>
          </reporter-output>
        </test-method> <!-- startTest -->
      </class> <!-- mar13.GetCommands -->
      <class name="mar12.Login">
        <test-method signature="loginTest()[pri:0, instance:mar12.Login@649bec2e]" started-at="2024-04-04T08:49:56 IST" name="loginTest" finished-at="2024-04-04T08:50:19 IST" duration-ms="23149" status="PASS">
          <reporter-output>
          </reporter-output>
        </test-method> <!-- loginTest -->
      </class> <!-- mar12.Login -->
      <class name="mar13.ValidateUrl">
        <test-method signature="validateUrl()[pri:0, instance:mar13.ValidateUrl@793be5ca]" started-at="2024-04-04T08:50:19 IST" name="validateUrl" finished-at="2024-04-04T08:50:29 IST" duration-ms="9995" status="PASS">
          <reporter-output>
            <line>
              <![CDATA[Url is Local::https://        http://primusbank.qedgetech.com/]]>
            </line>
          </reporter-output>
        </test-method> <!-- validateUrl -->
      </class> <!-- mar13.ValidateUrl -->
      <class name="mar13.ValidationMethods">
        <test-method signature="StartTest()[pri:0, instance:mar13.ValidationMethods@2df9b86]" started-at="2024-04-04T08:50:29 IST" name="StartTest" finished-at="2024-04-04T08:50:41 IST" duration-ms="11959" status="PASS">
          <reporter-output>
            <line>
              <![CDATA[Amazon.com. Spend less. Smile more.]]>
            </line>
            <line>
              <![CDATA[page length::35]]>
            </line>
            <line>
              <![CDATA[https://www.amazon.com/]]>
            </line>
            <line>
              <![CDATA[Domain name::23]]>
            </line>
          </reporter-output>
        </test-method> <!-- StartTest -->
      </class> <!-- mar13.ValidationMethods -->
      <class name="mar13.Verify_Title">
        <test-method signature="CheckTitle()[pri:0, instance:mar13.Verify_Title@15aab8c6]" started-at="2024-04-04T08:50:52 IST" name="CheckTitle" finished-at="2024-04-04T08:51:03 IST" duration-ms="11018" status="PASS">
          <reporter-output>
            <line>
              <![CDATA[Title is Matching::google        Google]]>
            </line>
          </reporter-output>
        </test-method> <!-- CheckTitle -->
      </class> <!-- mar13.Verify_Title -->
    </test> <!-- Test -->
  </suite> <!-- Suite -->
</testng-results>
